SF:/app/src/domain/amidakuji.ts
FN:3,generateHorizontalLines
FN:22,getPath
FNDA:1,generateHorizontalLines
FNDA:2,getPath
FNF:2
FNH:2
BRDA:8,1,0,10
BRDA:10,1,0,30
BRDA:11,1,0,13
BRDA:11,1,1,17
BRDA:14,1,0,17
BRDA:14,1,1,13
BRDA:32,2,0,10
BRDA:40,2,0,2
BRDA:40,2,1,8
BRDA:44,2,0,8
BRDA:44,2,1,1
BRDA:49,2,0,10
BRDA:34,3,0,3
BRDA:34,3,1,6
BRDA:37,4,0,3
BRDA:37,4,1,9
BRF:16
BRH:16
DA:3,1
DA:4,1
DA:5,1
DA:7,1
DA:8,1
DA:9,10
DA:10,10
DA:11,30
DA:12,13
DA:13,13
DA:14,30
DA:15,17
DA:16,17
DA:17,30
DA:18,10
DA:19,1
DA:20,1
DA:22,1
DA:23,1
DA:24,1
DA:25,1
DA:27,2
DA:28,2
DA:30,2
DA:32,2
DA:33,10
DA:34,10
DA:36,10
DA:37,10
DA:40,10
DA:41,2
DA:42,2
DA:43,2
DA:44,10
DA:45,1
DA:46,1
DA:47,1
DA:48,1
DA:49,10
DA:51,10
DA:52,10
DA:53,2
LH:42
LF:42
end_of_record
SF:/app/src/domain/curlBuilder.ts
FN:3,buildCurlCommand
FNDA:5,buildCurlCommand
FNF:1
FNH:1
BRDA:11,1,0,2
BRDA:11,1,1,3
BRDA:15,1,0,4
BRDA:15,1,1,1
BRDA:17,1,0,1
BRDA:17,1,1,4
BRDA:21,1,0,2
BRDA:21,1,1,3
BRDA:22,1,0,0
BRDA:22,1,1,2
BRDA:27,1,0,2
BRDA:27,1,1,1
BRF:12
BRH:11
DA:3,1
DA:4,1
DA:5,1
DA:6,1
DA:7,1
DA:9,5
DA:11,5
DA:12,2
DA:13,2
DA:15,5
DA:16,4
DA:17,5
DA:18,1
DA:19,1
DA:21,5
DA:22,2
DA:23,2
DA:24,2
DA:25,2
DA:27,5
DA:28,1
DA:29,1
DA:30,1
DA:32,5
DA:33,5
LH:25
LF:25
end_of_record
SF:/app/src/utils/dateUtils.ts
FN:1,formatDate
FN:33,parseFormattedDate
FNDA:4,formatDate
FNDA:8,parseFormattedDate
FNF:2
FNH:2
BRDA:14,1,0,3
BRDA:14,1,1,1
BRDA:15,1,0,3
BRDA:15,1,1,1
BRDA:16,1,0,3
BRDA:16,1,1,1
BRDA:17,1,0,3
BRDA:17,1,1,1
BRDA:18,1,0,3
BRDA:18,1,1,1
BRDA:19,1,0,3
BRDA:19,1,1,1
BRDA:21,1,0,3
BRDA:21,1,1,3
BRDA:21,1,2,3
BRDA:21,1,3,3
BRDA:21,1,4,3
BRDA:21,1,5,1
BRDA:23,1,0,3
BRDA:23,1,1,1
BRDA:26,1,0,1
BRDA:26,1,1,3
BRDA:28,1,0,3
BRDA:28,1,1,1
BRDA:38,8,0,1
BRDA:38,8,1,7
BRDA:43,8,0,5
BRDA:43,8,1,3
BRDA:45,8,0,2
BRDA:45,8,1,6
BRDA:47,8,0,1
BRDA:47,8,1,1
BRDA:49,8,0,5
BRDA:49,8,1,3
BRDA:51,8,0,2
BRDA:51,8,1,2
BRDA:52,8,0,1
BRDA:52,8,1,7
BRF:38
BRH:38
DA:1,1
DA:2,4
DA:3,4
DA:4,4
DA:5,4
DA:6,4
DA:7,4
DA:8,4
DA:9,4
DA:10,4
DA:11,4
DA:13,4
DA:14,4
DA:15,4
DA:16,4
DA:17,4
DA:18,4
DA:19,4
DA:21,4
DA:22,1
DA:23,1
DA:25,3
DA:26,4
DA:27,1
DA:28,1
DA:30,3
DA:31,4
DA:33,1
DA:34,1
DA:35,1
DA:37,8
DA:38,8
DA:40,7
DA:41,7
DA:42,7
DA:43,8
DA:44,5
DA:45,8
DA:46,2
DA:47,2
DA:48,1
DA:49,1
DA:50,5
DA:51,8
DA:52,8
DA:53,1
DA:54,1
DA:55,8
LH:48
LF:48
end_of_record
